<?xml version="1.0" encoding="UTF-8"?>
<testng-results ignored="0" total="3" passed="3" failed="0" skipped="0">
  <reporter-output>
  </reporter-output>
  <suite started-at="2024-09-02T16:06:25 IST" name="Default suite" finished-at="2024-09-02T16:06:25 IST" duration-ms="127">
    <groups>
    </groups>
    <test started-at="2024-09-02T16:06:25 IST" name="Default test" finished-at="2024-09-02T16:06:25 IST" duration-ms="127">
      <class name="pom_datadriven_framework_Kite.java_Test_Ng_example">
        <test-method signature="m1()[pri:0, instance:pom_datadriven_framework_Kite.java_Test_Ng_example@799f10e1]" started-at="2024-09-02T16:06:25 IST" name="m1" finished-at="2024-09-02T16:06:25 IST" duration-ms="28" status="PASS">
          <reporter-output>
          </reporter-output>
        </test-method> <!-- m1 -->
        <test-method signature="m2()[pri:0, instance:pom_datadriven_framework_Kite.java_Test_Ng_example@799f10e1]" started-at="2024-09-02T16:06:25 IST" name="m2" finished-at="2024-09-02T16:06:25 IST" duration-ms="11" status="PASS">
          <reporter-output>
          </reporter-output>
        </test-method> <!-- m2 -->
        <test-method signature="m3()[pri:0, instance:pom_datadriven_framework_Kite.java_Test_Ng_example@799f10e1]" started-at="2024-09-02T16:06:25 IST" name="m3" finished-at="2024-09-02T16:06:25 IST" duration-ms="6" status="PASS">
          <reporter-output>
          </reporter-output>
        </test-method> <!-- m3 -->
      </class> <!-- pom_datadriven_framework_Kite.java_Test_Ng_example -->
    </test> <!-- Default test -->
  </suite> <!-- Default suite -->
</testng-results>
