<?xml version="1.0" encoding="UTF-8"?>
<!-- Generated by org.testng.reporters.JUnitXMLReporter -->
<testsuite ignored="0" hostname="DESKTOP-I6O1MLD" failures="0" tests="3" name="Default test" time="0.127" errors="0" timestamp="2024-09-02T16:06:25 IST">
  <testcase classname="pom_datadriven_framework_Kite.java_Test_Ng_example" name="m1" time="0.028"/>
  <testcase classname="pom_datadriven_framework_Kite.java_Test_Ng_example" name="m2" time="0.011"/>
  <testcase classname="pom_datadriven_framework_Kite.java_Test_Ng_example" name="m3" time="0.006"/>
</testsuite> <!-- Default test -->
